Aug-15 09:35:20.005 [main] DEBUG nextflow.cli.Launcher - $> nextflow run hello
Aug-15 09:35:20.049 [main] DEBUG nextflow.cli.CmdRun - N E X T F L O W  ~  version 24.04.3
Aug-15 09:35:20.064 [main] DEBUG nextflow.plugin.PluginsFacade - Setting up plugin manager > mode=prod; embedded=false; plugins-dir=/root/.nextflow/plugins; core-plugins: nf-amazon@2.5.2,nf-azure@1.6.0,nf-cloudcache@0.4.1,nf-codecommit@0.2.0,nf-console@1.1.3,nf-ga4gh@1.3.0,nf-google@1.13.2-patch1,nf-tower@1.9.1,nf-wave@1.4.2
Aug-15 09:35:20.077 [main] INFO  o.pf4j.DefaultPluginStatusProvider - Enabled plugins: []
Aug-15 09:35:20.078 [main] INFO  o.pf4j.DefaultPluginStatusProvider - Disabled plugins: []
Aug-15 09:35:20.082 [main] INFO  org.pf4j.DefaultPluginManager - PF4J version 3.10.0 in 'deployment' mode
Aug-15 09:35:20.098 [main] INFO  org.pf4j.AbstractPluginManager - No plugins
Aug-15 09:35:20.111 [main] DEBUG nextflow.scm.ProviderConfig - Using SCM config path: /root/.nextflow/scm
Aug-15 09:35:20.116 [main] DEBUG nextflow.scm.AssetManager - Listing projects in folder: /root/.nextflow/assets
Aug-15 09:35:20.393 [main] DEBUG nextflow.scm.AssetManager - Git config: /root/.nextflow/assets/nextflow-io/hello/.git/config; branch: master; remote: origin; url: https://github.com/nextflow-io/hello.git
Aug-15 09:35:20.413 [main] DEBUG nextflow.scm.RepositoryFactory - Found Git repository result: [RepositoryFactory]
Aug-15 09:35:20.419 [main] DEBUG nextflow.scm.AssetManager - Git config: /root/.nextflow/assets/nextflow-io/hello/.git/config; branch: master; remote: origin; url: https://github.com/nextflow-io/hello.git
Aug-15 09:35:21.065 [main] INFO  nextflow.scm.AssetManager - NOTE: Your local project version looks outdated - a different revision is available in the remote repository [afff16a9b4]
Aug-15 09:35:21.096 [main] DEBUG nextflow.config.ConfigBuilder - Found config base: /root/.nextflow/assets/nextflow-io/hello/nextflow.config
Aug-15 09:35:21.098 [main] DEBUG nextflow.config.ConfigBuilder - Parsing config file: /root/.nextflow/assets/nextflow-io/hello/nextflow.config
Aug-15 09:35:21.106 [main] DEBUG n.secret.LocalSecretsProvider - Secrets store: /root/.nextflow/secrets/store.json
Aug-15 09:35:21.109 [main] DEBUG nextflow.secret.SecretsLoader - Discovered secrets providers: [nextflow.secret.LocalSecretsProvider@630bf683] - activable => nextflow.secret.LocalSecretsProvider@630bf683
Aug-15 09:35:21.112 [main] DEBUG nextflow.config.ConfigBuilder - Applying config profile: `standard`
Aug-15 09:35:21.143 [main] DEBUG nextflow.cli.CmdRun - Applied DSL=2 by global default
Aug-15 09:35:21.145 [main] DEBUG nextflow.cli.CmdRun - Launching `https://github.com/nextflow-io/hello` [pedantic_cuvier] DSL2 - revision: 7588c46ffe [master]
Aug-15 09:35:21.147 [main] DEBUG nextflow.plugin.PluginsFacade - Plugins default=[]
Aug-15 09:35:21.148 [main] DEBUG nextflow.plugin.PluginsFacade - Plugins resolved requirement=[]
Aug-15 09:35:21.193 [main] DEBUG nextflow.Session - Session UUID: 2e2f7d29-d3ce-46da-ba89-0f0cb13cbf6c
Aug-15 09:35:21.193 [main] DEBUG nextflow.Session - Run name: pedantic_cuvier
Aug-15 09:35:21.194 [main] DEBUG nextflow.Session - Executor pool size: 20
Aug-15 09:35:21.204 [main] DEBUG nextflow.file.FilePorter - File porter settings maxRetries=3; maxTransfers=50; pollTimeout=null
Aug-15 09:35:21.230 [main] DEBUG nextflow.cli.CmdRun - 
  Version: 24.04.3 build 5916
  Created: 09-07-2024 19:35 UTC (21:35 CEST)
  System: Linux 6.5.0-1025-oem
  Runtime: Groovy 4.0.21 on OpenJDK 64-Bit Server VM 21.0.3+9-Ubuntu-1ubuntu1
  Encoding: UTF-8 (UTF-8)
  Process: 61856@thanadol-P1G6 [127.0.1.1]
  CPUs: 20 - Mem: 31 GB (331.4 MB) - Swap: 2 GB (2 GB) - Virtual threads ON
Aug-15 09:35:21.255 [main] DEBUG nextflow.Session - Work-dir: /home/thanadol/Documents/GitHub/CB2110_Lab1/work [ext2/ext3]
Aug-15 09:35:21.256 [main] DEBUG nextflow.Session - Script base path does not exist or is not a directory: /root/.nextflow/assets/nextflow-io/hello/bin
Aug-15 09:35:21.264 [main] DEBUG nextflow.executor.ExecutorFactory - Extension executors providers=[]
Aug-15 09:35:21.274 [main] DEBUG nextflow.Session - Observer factory: DefaultObserverFactory
Aug-15 09:35:21.301 [main] DEBUG nextflow.cache.CacheFactory - Using Nextflow cache factory: nextflow.cache.DefaultCacheFactory
Aug-15 09:35:21.307 [main] DEBUG nextflow.util.CustomPoolFactory - Creating virtual thread pool
Aug-15 09:35:21.347 [main] DEBUG nextflow.Session - Session start
Aug-15 09:35:21.468 [main] DEBUG nextflow.script.ScriptRunner - > Launching execution
Aug-15 09:35:21.532 [main] DEBUG nextflow.executor.ExecutorFactory - << taskConfig executor: null
Aug-15 09:35:21.533 [main] DEBUG nextflow.executor.ExecutorFactory - >> processorType: 'local'
Aug-15 09:35:21.537 [main] DEBUG nextflow.executor.Executor - [warm up] executor > local
Aug-15 09:35:21.541 [main] DEBUG n.processor.LocalPollingMonitor - Creating local task monitor for executor 'local' > cpus=20; memory=31 GB; capacity=20; pollInterval=100ms; dumpInterval=5m
Aug-15 09:35:21.543 [main] DEBUG n.processor.TaskPollingMonitor - >>> barrier register (monitor: local)
Aug-15 09:35:21.598 [main] DEBUG nextflow.Session - Workflow process names [dsl2]: sayHello
Aug-15 09:35:21.599 [main] DEBUG nextflow.Session - Igniting dataflow network (2)
Aug-15 09:35:21.599 [main] DEBUG nextflow.processor.TaskProcessor - Starting process > sayHello
Aug-15 09:35:21.600 [main] DEBUG nextflow.script.ScriptRunner - Parsed script files:
  Script_45e06ae60646ee81: /root/.nextflow/assets/nextflow-io/hello/main.nf
Aug-15 09:35:21.600 [main] DEBUG nextflow.script.ScriptRunner - > Awaiting termination 
Aug-15 09:35:21.600 [main] DEBUG nextflow.Session - Session await
Aug-15 09:35:21.703 [Task submitter] DEBUG n.executor.local.LocalTaskHandler - Launch cmd line: /bin/bash -ue .command.run
Aug-15 09:35:21.705 [Task submitter] INFO  nextflow.Session - [45/60e0aa] Submitted process > sayHello (1)
Aug-15 09:35:21.714 [Task monitor] DEBUG n.processor.TaskPollingMonitor - Task completed > TaskHandler[id: 1; name: sayHello (1); status: COMPLETED; exit: 0; error: -; workDir: /home/thanadol/Documents/GitHub/CB2110_Lab1/work/45/60e0aa573db60f7bfd23b278a95290]
Aug-15 09:35:21.715 [Task submitter] DEBUG n.executor.local.LocalTaskHandler - Launch cmd line: /bin/bash -ue .command.run
Aug-15 09:35:21.716 [Task submitter] INFO  nextflow.Session - [f1/113964] Submitted process > sayHello (3)
Aug-15 09:35:21.721 [Task monitor] DEBUG n.processor.TaskPollingMonitor - Task completed > TaskHandler[id: 3; name: sayHello (3); status: COMPLETED; exit: 0; error: -; workDir: /home/thanadol/Documents/GitHub/CB2110_Lab1/work/f1/113964f21c987d9c76d01dc16eca09]
Aug-15 09:35:21.725 [Task submitter] DEBUG n.executor.local.LocalTaskHandler - Launch cmd line: /bin/bash -ue .command.run
Aug-15 09:35:21.726 [Task submitter] INFO  nextflow.Session - [8f/a6ceba] Submitted process > sayHello (2)
Aug-15 09:35:21.732 [Task monitor] DEBUG n.processor.TaskPollingMonitor - Task completed > TaskHandler[id: 2; name: sayHello (2); status: COMPLETED; exit: 0; error: -; workDir: /home/thanadol/Documents/GitHub/CB2110_Lab1/work/8f/a6ceba375f8a9c6109c367c8005f49]
Aug-15 09:35:21.733 [Task submitter] DEBUG n.executor.local.LocalTaskHandler - Launch cmd line: /bin/bash -ue .command.run
Aug-15 09:35:21.735 [Task submitter] INFO  nextflow.Session - [1c/b2fe2c] Submitted process > sayHello (4)
Aug-15 09:35:21.741 [Task monitor] DEBUG n.processor.TaskPollingMonitor - Task completed > TaskHandler[id: 4; name: sayHello (4); status: COMPLETED; exit: 0; error: -; workDir: /home/thanadol/Documents/GitHub/CB2110_Lab1/work/1c/b2fe2cf93da93e8da886ad1d84dba5]
Aug-15 09:35:21.744 [main] DEBUG nextflow.Session - Session await > all processes finished
Aug-15 09:35:21.841 [Task monitor] DEBUG n.processor.TaskPollingMonitor - <<< barrier arrives (monitor: local) - terminating tasks monitor poll loop
Aug-15 09:35:21.841 [main] DEBUG nextflow.Session - Session await > all barriers passed
Aug-15 09:35:21.860 [main] DEBUG nextflow.util.ThreadPoolManager - Thread pool 'TaskFinalizer' shutdown completed (hard=false)
Aug-15 09:35:21.864 [main] DEBUG n.trace.WorkflowStatsObserver - Workflow completed > WorkflowStats[succeededCount=4; failedCount=0; ignoredCount=0; cachedCount=0; pendingCount=0; submittedCount=0; runningCount=0; retriesCount=0; abortedCount=0; succeedDuration=3ms; failedDuration=0ms; cachedDuration=0ms;loadCpus=0; loadMemory=0; peakRunning=2; peakCpus=2; peakMemory=0; ]
Aug-15 09:35:21.979 [main] DEBUG nextflow.cache.CacheDB - Closing CacheDB done
Aug-15 09:35:21.996 [main] DEBUG nextflow.util.ThreadPoolManager - Thread pool 'FileTransfer' shutdown completed (hard=false)
Aug-15 09:35:21.996 [main] DEBUG nextflow.script.ScriptRunner - > Execution complete -- Goodbye
